Build started 2/7/2015 11:53:51 PM.
     1>Project "C:\Users\Jessica\Documents\Visual Studio 2013\Projects\HatchStats\HatchStats\HatchStats.vcxproj" on node 2 (Build target(s)).
     1>ClCompile:
         C:\Program Files (x86)\Microsoft Visual Studio 12.0\VC\bin\CL.exe /c /ZI /nologo /W3 /WX- /sdl /Od /Oy- /D _MBCS /Gm /EHsc /RTC1 /MDd /GS /fp:precise /Zc:wchar_t /Zc:forScope /Fo"Debug\\" /Fd"Debug\vc120.pdb" /Gd /TP /analyze- /errorReport:prompt main.cpp
         main.cpp
     1>c:\users\jessica\documents\visual studio 2013\projects\hatchstats\hatchstats\calculatestats.h(58): error C2143: syntax error : missing ';' before '<'
     1>c:\users\jessica\documents\visual studio 2013\projects\hatchstats\hatchstats\calculatestats.h(58): error C4430: missing type specifier - int assumed. Note: C++ does not support default-int
     1>c:\users\jessica\documents\visual studio 2013\projects\hatchstats\hatchstats\calculatestats.h(58): error C2238: unexpected token(s) preceding ';'
     1>c:\users\jessica\documents\visual studio 2013\projects\hatchstats\hatchstats\calculatestats.h(12): error C2039: 'data' : is not a member of 'CalculateStats'
                 c:\users\jessica\documents\visual studio 2013\projects\hatchstats\hatchstats\calculatestats.h(2) : see declaration of 'CalculateStats'
     1>c:\users\jessica\documents\visual studio 2013\projects\hatchstats\hatchstats\calculatestats.h(12): error C2228: left of '.push_back' must have class/struct/union
     1>c:\users\jessica\documents\visual studio 2013\projects\hatchstats\hatchstats\calculatestats.h(31): error C2065: 'data' : undeclared identifier
     1>c:\users\jessica\documents\visual studio 2013\projects\hatchstats\hatchstats\calculatestats.h(31): error C2228: left of '.size' must have class/struct/union
                 type is 'unknown-type'
     1>c:\users\jessica\documents\visual studio 2013\projects\hatchstats\hatchstats\calculatestats.h(35): error C2065: 'data' : undeclared identifier
     1>c:\users\jessica\documents\visual studio 2013\projects\hatchstats\hatchstats\calculatestats.h(42): error C2065: 'data' : undeclared identifier
     1>c:\users\jessica\documents\visual studio 2013\projects\hatchstats\hatchstats\calculatestats.h(42): error C2228: left of '.size' must have class/struct/union
                 type is 'unknown-type'
     1>c:\users\jessica\documents\visual studio 2013\projects\hatchstats\hatchstats\calculatestats.h(51): error C2065: 'data' : undeclared identifier
     1>Done Building Project "C:\Users\Jessica\Documents\Visual Studio 2013\Projects\HatchStats\HatchStats\HatchStats.vcxproj" (Build target(s)) -- FAILED.

Build FAILED.

Time Elapsed 00:00:00.70
